
Showing logs for build [32mcb-kubecd-environment-pr-164-48-2tbpc-1[0m stage [32mfrom-build-pack[0m and container [32mstep-credential-initializer-fpfkj[0m
{"level":"warn","ts":1582245583.031109,"logger":"fallback-logger","caller":"logging/config.go:69","msg":"Fetch GitHub commit ID from kodata failed: \"ref: refs/heads/0.8.0-**-support-backwards-incompats\" is not a valid GitHub commit ID"}
{"level":"info","ts":1582245583.0319302,"logger":"fallback-logger","caller":"creds-init/main.go:40","msg":"Credentials initialized."}

Showing logs for build [32mcb-kubecd-environment-pr-164-48-2tbpc-1[0m stage [32mfrom-build-pack[0m and container [32mstep-working-dir-initializer-dqql2[0m
{"level":"warn","ts":1582245583.6699426,"logger":"fallback-logger","caller":"logging/config.go:69","msg":"Fetch GitHub commit ID from kodata failed: open /var/run/ko/HEAD: no such file or directory"}
{"level":"info","ts":1582245583.677107,"logger":"fallback-logger","caller":"bash/main.go:64","msg":"Successfully executed command \"sh -c mkdir -p /workspace/source\"; output "}

Showing logs for build [32mcb-kubecd-environment-pr-164-48-2tbpc-1[0m stage [32mfrom-build-pack[0m and container [32mstep-place-tools[0m

Showing logs for build [32mcb-kubecd-environment-pr-164-48-2tbpc-1[0m stage [32mfrom-build-pack[0m and container [32mstep-git-source-cb-kubecd-environment-pr-164-48-2tbpc-h7lxt[0m
{"level":"warn","ts":1582245587.7666028,"logger":"fallback-logger","caller":"logging/config.go:69","msg":"Fetch GitHub commit ID from kodata failed: \"ref: refs/heads/0.8.0-**-support-backwards-incompats\" is not a valid GitHub commit ID"}
{"level":"info","ts":1582245588.7991757,"logger":"fallback-logger","caller":"git/git.go:103","msg":"Successfully cloned https://github.com/cb-kubecd/environment-pr-164-48-gke-upgrade-staging.git @ master in path /workspace/source"}

Showing logs for build [32mcb-kubecd-environment-pr-164-48-2tbpc-1[0m stage [32mfrom-build-pack[0m and container [32mstep-git-merge[0m
Using SHAs from PULL_REFS=master:e2430a99c208d0ef76d0d0bb3339329cdc49fc9f,1:ebe66f4d903f363326c18c8ebb9b70de0c6d9361
DEBUG: LC_ALL=C JX_LOG_LEVEL=error git fetch origin --unshallow ebe66f4d903f363326c18c8ebb9b70de0c6d9361: e2430a99c208d0ef76d0d0bb3339329cdc49fc9f:
DEBUG: ran git fetch --unshallow origin ebe66f4d903f363326c18c8ebb9b70de0c6d9361: e2430a99c208d0ef76d0d0bb3339329cdc49fc9f: in 
DEBUG: LC_ALL=C JX_LOG_LEVEL=error git branch
DEBUG: LC_ALL=C JX_LOG_LEVEL=error git checkout master
DEBUG: ran git checkout master in 
DEBUG: LC_ALL=C JX_LOG_LEVEL=error git reset --hard e2430a99c208d0ef76d0d0bb3339329cdc49fc9f
DEBUG: ran git reset --hard e2430a99c208d0ef76d0d0bb3339329cdc49fc9f in 
DEBUG: LC_ALL=C JX_LOG_LEVEL=error git clean -fd .
DEBUG: ran clean --force -d . in 
DEBUG: LC_ALL=C JX_LOG_LEVEL=error git merge ebe66f4d903f363326c18c8ebb9b70de0c6d9361
DEBUG: ran git merge ebe66f4d903f363326c18c8ebb9b70de0c6d9361 in 
DEBUG: LC_ALL=C JX_LOG_LEVEL=error git log --format=%H%x1f%an%x1f%ae%x1f%cn%x1f%ce%x1f%s%n%b%x1e e2430a99c208d0ef76d0d0bb3339329cdc49fc9f..HEAD
Merged SHA ebe66f4d903f363326c18c8ebb9b70de0c6d9361 with commit message 'chore: Promote bdd-spring-1582245277 to version 0.0.1' into base branch master

Showing logs for build [32mcb-kubecd-environment-pr-164-48-2tbpc-1[0m stage [32mfrom-build-pack[0m and container [32mstep-build-helm-build[0m
WARNING: No $CHART_REPOSITORY defined so using the default value of: http://jenkins-x-chartmuseum:8080
Adding missing Helm repo: storage.googleapis.com https://storage.googleapis.com/chartmuseum.jenkins-x.io
WARNING: No secrets found on "helm/repos" due: reading the secret "helm/repos" from vault: no secret "helm/repos" not found in vault
Read credentials for https://storage.googleapis.com/chartmuseum.jenkins-x.io from vault helm/repos
Successfully added Helm repository storage.googleapis.com.
Adding missing Helm repo: jenkins-x-chartmuseum http://jenkins-x-chartmuseum:8080
WARNING: No secrets found on "helm/repos" due: reading the secret "helm/repos" from vault: no secret "helm/repos" not found in vault
Read credentials for http://jenkins-x-chartmuseum:8080 from vault helm/repos
Successfully added Helm repository jenkins-x-chartmuseum.
WARNING: No $CHART_REPOSITORY defined so using the default value of: http://jenkins-x-chartmuseum:8080
Adding missing Helm repo: chartmuseum.jenkins-x.io http://chartmuseum.jenkins-x.io
WARNING: No secrets found on "helm/repos" due: reading the secret "helm/repos" from vault: no secret "helm/repos" not found in vault
Read credentials for http://chartmuseum.jenkins-x.io from vault helm/repos
Successfully added Helm repository chartmuseum.jenkins-x.io.
